<?xml version="1.0" encoding="UTF-8"?>
<!-- Generated by org.testng.reporters.JUnitReportReporter -->
<testsuite skipped="0" hostname="user-PC" name="testScript.Test2" tests="1" failures="0" timestamp="01 Jul 2018 07:25:00 GMT" time="45.975" errors="0">
  <testcase name="SelfEmployedSgnup" time="45.975" classname="testScript.Test2"/>
</testsuite> <!-- testScript.Test2 -->
